<?xml version="1.0" encoding="UTF-8"?>
<!-- Generated by org.testng.reporters.JUnitReportReporter -->
<testsuite skipped="0" hostname="PMUFTWIN101" name="crossBrowserTesting.TestInIE" tests="1" failures="0" timestamp="26 Oct 2018 12:49:40 GMT" time="68.271" errors="0">
  <testcase name="f" time="68.271" classname="crossBrowserTesting.TestInIE"/>
</testsuite> <!-- crossBrowserTesting.TestInIE -->
