<?xml version="1.0" encoding="UTF-8"?>
<!-- Generated by org.testng.reporters.JUnitReportReporter -->
<testsuite skipped="0" hostname="PMUFTWIN101" name="crossBrowserTesting.TestInChromeBrowser" tests="1" failures="0" timestamp="01 Nov 2018 09:59:50 GMT" time="11.454" errors="0">
  <testcase name="f" time="11.454" classname="crossBrowserTesting.TestInChromeBrowser"/>
</testsuite> <!-- crossBrowserTesting.TestInChromeBrowser -->
