<?xml version="1.0" encoding="UTF-8"?>
<!-- Generated by org.testng.reporters.JUnitReportReporter -->
<testsuite skipped="0" hostname="PMUFTWIN101" name="org.rupesh.demo.testng.AbsoluteListeners" tests="1" failures="0" timestamp="23 Oct 2018 12:42:00 GMT" time="0.018" errors="0">
  <testcase name="f" time="0.018" classname="org.rupesh.demo.testng.AbsoluteListeners"/>
</testsuite> <!-- org.rupesh.demo.testng.AbsoluteListeners -->
