<?xml version="1.0" encoding="UTF-8"?>
<!-- Generated by org.testng.reporters.JUnitReportReporter -->
<testsuite skipped="0" hostname="PMUFTWIN101" name="org.rupesh.demo.testng.AbsoluteTestNG" tests="1" failures="0" timestamp="17 Oct 2018 06:16:03 GMT" time="0.023" errors="0">
  <testcase name="f" time="0.023" classname="org.rupesh.demo.testng.AbsoluteTestNG"/>
</testsuite> <!-- org.rupesh.demo.testng.AbsoluteTestNG -->
