<?xml version="1.0" encoding="UTF-8"?>
<!-- Generated by org.testng.reporters.JUnitReportReporter -->
<testsuite skipped="0" hostname="PMUFTWIN101" name="crossBrowserTesting.TestInFireFoxBrowser" tests="1" failures="0" timestamp="01 Nov 2018 09:59:50 GMT" time="17.328" errors="0">
  <testcase name="f" time="17.328" classname="crossBrowserTesting.TestInFireFoxBrowser"/>
</testsuite> <!-- crossBrowserTesting.TestInFireFoxBrowser -->
