<?xml version="1.0" encoding="UTF-8"?>
<!-- Generated by org.testng.reporters.JUnitReportReporter -->
<testsuite skipped="0" hostname="PMUFTWIN101" name="org.rupesh.demo.testng.BasicTestNG1" tests="1" failures="0" timestamp="17 Dec 2018 14:37:28 GMT" time="0.027" errors="0">
  <testcase name="f" time="0.027" classname="org.rupesh.demo.testng.BasicTestNG1"/>
</testsuite> <!-- org.rupesh.demo.testng.BasicTestNG1 -->
